<?xml version="1.0" encoding="UTF-8"?>
<!-- Generated by org.testng.reporters.JUnitReportReporter -->
<testsuite hostname="VEN-LT-020" name="playAround.PlayAround2" tests="1" failures="0" timestamp="1 Sep 2016 08:09:49 GMT" time="0.003" errors="0">
  <testcase name="Test1" time="0.003" classname="playAround.PlayAround2"/>
</testsuite> <!-- playAround.PlayAround2 -->
