<?xml version="1.0" encoding="UTF-8"?>
<!-- Generated by org.testng.reporters.JUnitReportReporter -->
<testsuite hostname="VEN-LT-020" name="playAround.PlayAround" tests="2" failures="0" timestamp="1 Sep 2016 08:09:49 GMT" time="0.013" errors="0">
  <testcase name="Test" time="0.009" classname="playAround.PlayAround"/>
  <testcase name="Test" time="0.004" classname="playAround.PlayAround"/>
</testsuite> <!-- playAround.PlayAround -->
